<?xml version="1.0" encoding="UTF-8"?>
<testng-results skipped="0" failed="0" total="1" passed="1">
  <reporter-output>
  </reporter-output>
  <suite name="Default suite" duration-ms="20" started-at="2014-11-07T06:15:31Z" finished-at="2014-11-07T06:15:31Z">
    <groups>
    </groups>
    <test name="Default test" duration-ms="20" started-at="2014-11-07T06:15:31Z" finished-at="2014-11-07T06:15:31Z">
      <class name="com.company.test">
        <test-method status="PASS" signature="mytest()[pri:0, instance:com.company.test@5239443f]" name="mytest" duration-ms="10" started-at="2014-11-07T11:45:31Z" finished-at="2014-11-07T11:45:31Z">
          <reporter-output>
          </reporter-output>
        </test-method> <!-- mytest -->
      </class> <!-- com.company.test -->
    </test> <!-- Default test -->
  </suite> <!-- Default suite -->
</testng-results>
